[2025-04-27 13:44:38] local.ERROR: Database file at path [D:\RUPP\ITE Year 3\Semester2\WCT\laravelbyheak\database\database.sqlite] does not exist. Ensure this is an absolute path to the database. (Connection: sqlite, SQL: select * from "sessions" where "id" = hTtVjBRaY4CQfx4bwz3jaU55yQzbQRK1iOAEUgGn limit 1) {"exception":"[object] (Illuminate\\Database\\QueryException(code: 0): Database file at path [D:\\RUPP\\ITE Year 3\\Semester2\\WCT\\laravelbyheak\\database\\database.sqlite] does not exist. Ensure this is an absolute path to the database. (Connection: sqlite, SQL: select * from \"sessions\" where \"id\" = hTtVjBRaY4CQfx4bwz3jaU55yQzbQRK1iOAEUgGn limit 1) at /Users/heakjunior/Desktop/RUPP Folder/RUPP YEAR3/WCT lab/laravelbyheak/vendor/laravel/framework/src/Illuminate/Database/Connection.php:822)
[stacktrace]
#0 /Users/heakjunior/Desktop/RUPP Folder/RUPP YEAR3/WCT lab/laravelbyheak/vendor/laravel/framework/src/Illuminate/Database/Connection.php(776): Illuminate\\Database\\Connection->runQueryCallback('select * from \"...', Array, Object(Closure))
#1 /Users/heakjunior/Desktop/RUPP Folder/RUPP YEAR3/WCT lab/laravelbyheak/vendor/laravel/framework/src/Illuminate/Database/Connection.php(395): Illuminate\\Database\\Connection->run('select * from \"...', Array, Object(Closure))
#2 /Users/heakjunior/Desktop/RUPP Folder/RUPP YEAR3/WCT lab/laravelbyheak/vendor/laravel/framework/src/Illuminate/Database/Query/Builder.php(3107): Illuminate\\Database\\Connection->select('select * from \"...', Array, false)
#3 /Users/heakjunior/Desktop/RUPP Folder/RUPP YEAR3/WCT lab/laravelbyheak/vendor/laravel/framework/src/Illuminate/Database/Query/Builder.php(3092): Illuminate\\Database\\Query\\Builder->runSelect()
#4 /Users/heakjunior/Desktop/RUPP Folder/RUPP YEAR3/WCT lab/laravelbyheak/vendor/laravel/framework/src/Illuminate/Database/Query/Builder.php(3679): Illuminate\\Database\\Query\\Builder->{closure:Illuminate\\Database\\Query\\Builder::get():3091}()
#5 /Users/heakjunior/Desktop/RUPP Folder/RUPP YEAR3/WCT lab/laravelbyheak/vendor/laravel/framework/src/Illuminate/Database/Query/Builder.php(3091): Illuminate\\Database\\Query\\Builder->onceWithColumns(Array, Object(Closure))
#6 /Users/heakjunior/Desktop/RUPP Folder/RUPP YEAR3/WCT lab/laravelbyheak/vendor/laravel/framework/src/Illuminate/Database/Concerns/BuildsQueries.php(366): Illuminate\\Database\\Query\\Builder->get(Array)
#7 /Users/heakjunior/Desktop/RUPP Folder/RUPP YEAR3/WCT lab/laravelbyheak/vendor/laravel/framework/src/Illuminate/Database/Query/Builder.php(3014): Illuminate\\Database\\Query\\Builder->first(Array)
#8 /Users/heakjunior/Desktop/RUPP Folder/RUPP YEAR3/WCT lab/laravelbyheak/vendor/laravel/framework/src/Illuminate/Session/DatabaseSessionHandler.php(96): Illuminate\\Database\\Query\\Builder->find('hTtVjBRaY4CQfx4...')
#9 /Users/heakjunior/Desktop/RUPP Folder/RUPP YEAR3/WCT lab/laravelbyheak/vendor/laravel/framework/src/Illuminate/Session/Store.php(116): Illuminate\\Session\\DatabaseSessionHandler->read('hTtVjBRaY4CQfx4...')
#10 /Users/heakjunior/Desktop/RUPP Folder/RUPP YEAR3/WCT lab/laravelbyheak/vendor/laravel/framework/src/Illuminate/Session/Store.php(104): Illuminate\\Session\\Store->readFromHandler()
#11 /Users/heakjunior/Desktop/RUPP Folder/RUPP YEAR3/WCT lab/laravelbyheak/vendor/laravel/framework/src/Illuminate/Session/Store.php(88): Illuminate\\Session\\Store->loadSession()
#12 /Users/heakjunior/Desktop/RUPP Folder/RUPP YEAR3/WCT lab/laravelbyheak/vendor/laravel/framework/src/Illuminate/Session/Middleware/StartSession.php(146): Illuminate\\Session\\Store->start()
#13 /Users/heakjunior/Desktop/RUPP Folder/RUPP YEAR3/WCT lab/laravelbyheak/vendor/laravel/framework/src/Illuminate/Support/helpers.php(399): Illuminate\\Session\\Middleware\\StartSession->{closure:Illuminate\\Session\\Middleware\\StartSession::startSession():143}(Object(Illuminate\\Session\\Store))
#14 /Users/heakjunior/Desktop/RUPP Folder/RUPP YEAR3/WCT lab/laravelbyheak/vendor/laravel/framework/src/Illuminate/Session/Middleware/StartSession.php(143): tap(Object(Illuminate\\Session\\Store), Object(Closure))
#15 /Users/heakjunior/Desktop/RUPP Folder/RUPP YEAR3/WCT lab/laravelbyheak/vendor/laravel/framework/src/Illuminate/Session/Middleware/StartSession.php(115): Illuminate\\Session\\Middleware\\StartSession->startSession(Object(Illuminate\\Http\\Request), Object(Illuminate\\Session\\Store))
#16 /Users/heakjunior/Desktop/RUPP Folder/RUPP YEAR3/WCT lab/laravelbyheak/vendor/laravel/framework/src/Illuminate/Session/Middleware/StartSession.php(63): Illuminate\\Session\\Middleware\\StartSession->handleStatefulRequest(Object(Illuminate\\Http\\Request), Object(Illuminate\\Session\\Store), Object(Closure))
#17 /Users/heakjunior/Desktop/RUPP Folder/RUPP YEAR3/WCT lab/laravelbyheak/vendor/laravel/framework/src/Illuminate/Pipeline/Pipeline.php(208): Illuminate\\Session\\Middleware\\StartSession->handle(Object(Illuminate\\Http\\Request), Object(Closure))
#18 /Users/heakjunior/Desktop/RUPP Folder/RUPP YEAR3/WCT lab/laravelbyheak/vendor/laravel/framework/src/Illuminate/Cookie/Middleware/AddQueuedCookiesToResponse.php(36): Illuminate\\Pipeline\\Pipeline->{closure:{closure:Illuminate\\Pipeline\\Pipeline::carry():183}:184}(Object(Illuminate\\Http\\Request))
#19 /Users/heakjunior/Desktop/RUPP Folder/RUPP YEAR3/WCT lab/laravelbyheak/vendor/laravel/framework/src/Illuminate/Pipeline/Pipeline.php(208): Illuminate\\Cookie\\Middleware\\AddQueuedCookiesToResponse->handle(Object(Illuminate\\Http\\Request), Object(Closure))
#20 /Users/heakjunior/Desktop/RUPP Folder/RUPP YEAR3/WCT lab/laravelbyheak/vendor/laravel/framework/src/Illuminate/Cookie/Middleware/EncryptCookies.php(74): Illuminate\\Pipeline\\Pipeline->{closure:{closure:Illuminate\\Pipeline\\Pipeline::carry():183}:184}(Object(Illuminate\\Http\\Request))
#21 /Users/heakjunior/Desktop/RUPP Folder/RUPP YEAR3/WCT lab/laravelbyheak/vendor/laravel/framework/src/Illuminate/Pipeline/Pipeline.php(208): Illuminate\\Cookie\\Middleware\\EncryptCookies->handle(Object(Illuminate\\Http\\Request), Object(Closure))
#22 /Users/heakjunior/Desktop/RUPP Folder/RUPP YEAR3/WCT lab/laravelbyheak/vendor/laravel/framework/src/Illuminate/Pipeline/Pipeline.php(126): Illuminate\\Pipeline\\Pipeline->{closure:{closure:Illuminate\\Pipeline\\Pipeline::carry():183}:184}(Object(Illuminate\\Http\\Request))
#23 /Users/heakjunior/Desktop/RUPP Folder/RUPP YEAR3/WCT lab/laravelbyheak/vendor/laravel/framework/src/Illuminate/Routing/Router.php(807): Illuminate\\Pipeline\\Pipeline->then(Object(Closure))
#24 /Users/heakjunior/Desktop/RUPP Folder/RUPP YEAR3/WCT lab/laravelbyheak/vendor/laravel/framework/src/Illuminate/Routing/Router.php(786): Illuminate\\Routing\\Router->runRouteWithinStack(Object(Illuminate\\Routing\\Route), Object(Illuminate\\Http\\Request))
#25 /Users/heakjunior/Desktop/RUPP Folder/RUPP YEAR3/WCT lab/laravelbyheak/vendor/laravel/framework/src/Illuminate/Routing/Router.php(750): Illuminate\\Routing\\Router->runRoute(Object(Illuminate\\Http\\Request), Object(Illuminate\\Routing\\Route))
#26 /Users/heakjunior/Desktop/RUPP Folder/RUPP YEAR3/WCT lab/laravelbyheak/vendor/laravel/framework/src/Illuminate/Routing/Router.php(739): Illuminate\\Routing\\Router->dispatchToRoute(Object(Illuminate\\Http\\Request))
#27 /Users/heakjunior/Desktop/RUPP Folder/RUPP YEAR3/WCT lab/laravelbyheak/vendor/laravel/framework/src/Illuminate/Foundation/Http/Kernel.php(200): Illuminate\\Routing\\Router->dispatch(Object(Illuminate\\Http\\Request))
#28 /Users/heakjunior/Desktop/RUPP Folder/RUPP YEAR3/WCT lab/laravelbyheak/vendor/laravel/framework/src/Illuminate/Pipeline/Pipeline.php(169): Illuminate\\Foundation\\Http\\Kernel->{closure:Illuminate\\Foundation\\Http\\Kernel::dispatchToRouter():197}(Object(Illuminate\\Http\\Request))
#29 /Users/heakjunior/Desktop/RUPP Folder/RUPP YEAR3/WCT lab/laravelbyheak/vendor/laravel/framework/src/Illuminate/Foundation/Http/Middleware/TransformsRequest.php(21): Illuminate\\Pipeline\\Pipeline->{closure:Illuminate\\Pipeline\\Pipeline::prepareDestination():167}(Object(Illuminate\\Http\\Request))
#30 /Users/heakjunior/Desktop/RUPP Folder/RUPP YEAR3/WCT lab/laravelbyheak/vendor/laravel/framework/src/Illuminate/Foundation/Http/Middleware/ConvertEmptyStringsToNull.php(31): Illuminate\\Foundation\\Http\\Middleware\\TransformsRequest->handle(Object(Illuminate\\Http\\Request), Object(Closure))
#31 /Users/heakjunior/Desktop/RUPP Folder/RUPP YEAR3/WCT lab/laravelbyheak/vendor/laravel/framework/src/Illuminate/Pipeline/Pipeline.php(208): Illuminate\\Foundation\\Http\\Middleware\\ConvertEmptyStringsToNull->handle(Object(Illuminate\\Http\\Request), Object(Closure))
#32 /Users/heakjunior/Desktop/RUPP Folder/RUPP YEAR3/WCT lab/laravelbyheak/vendor/laravel/framework/src/Illuminate/Foundation/Http/Middleware/TransformsRequest.php(21): Illuminate\\Pipeline\\Pipeline->{closure:{closure:Illuminate\\Pipeline\\Pipeline::carry():183}:184}(Object(Illuminate\\Http\\Request))
#33 /Users/heakjunior/Desktop/RUPP Folder/RUPP YEAR3/WCT lab/laravelbyheak/vendor/laravel/framework/src/Illuminate/Foundation/Http/Middleware/TrimStrings.php(51): Illuminate\\Foundation\\Http\\Middleware\\TransformsRequest->handle(Object(Illuminate\\Http\\Request), Object(Closure))
#34 /Users/heakjunior/Desktop/RUPP Folder/RUPP YEAR3/WCT lab/laravelbyheak/vendor/laravel/framework/src/Illuminate/Pipeline/Pipeline.php(208): Illuminate\\Foundation\\Http\\Middleware\\TrimStrings->handle(Object(Illuminate\\Http\\Request), Object(Closure))
#35 /Users/heakjunior/Desktop/RUPP Folder/RUPP YEAR3/WCT lab/laravelbyheak/vendor/laravel/framework/src/Illuminate/Http/Middleware/ValidatePostSize.php(27): Illuminate\\Pipeline\\Pipeline->{closure:{closure:Illuminate\\Pipeline\\Pipeline::carry():183}:184}(Object(Illuminate\\Http\\Request))
#36 /Users/heakjunior/Desktop/RUPP Folder/RUPP YEAR3/WCT lab/laravelbyheak/vendor/laravel/framework/src/Illuminate/Pipeline/Pipeline.php(208): Illuminate\\Http\\Middleware\\ValidatePostSize->handle(Object(Illuminate\\Http\\Request), Object(Closure))
#37 /Users/heakjunior/Desktop/RUPP Folder/RUPP YEAR3/WCT lab/laravelbyheak/vendor/laravel/framework/src/Illuminate/Foundation/Http/Middleware/PreventRequestsDuringMaintenance.php(109): Illuminate\\Pipeline\\Pipeline->{closure:{closure:Illuminate\\Pipeline\\Pipeline::carry():183}:184}(Object(Illuminate\\Http\\Request))
#38 /Users/heakjunior/Desktop/RUPP Folder/RUPP YEAR3/WCT lab/laravelbyheak/vendor/laravel/framework/src/Illuminate/Pipeline/Pipeline.php(208): Illuminate\\Foundation\\Http\\Middleware\\PreventRequestsDuringMaintenance->handle(Object(Illuminate\\Http\\Request), Object(Closure))
#39 /Users/heakjunior/Desktop/RUPP Folder/RUPP YEAR3/WCT lab/laravelbyheak/vendor/laravel/framework/src/Illuminate/Http/Middleware/HandleCors.php(48): Illuminate\\Pipeline\\Pipeline->{closure:{closure:Illuminate\\Pipeline\\Pipeline::carry():183}:184}(Object(Illuminate\\Http\\Request))
#40 /Users/heakjunior/Desktop/RUPP Folder/RUPP YEAR3/WCT lab/laravelbyheak/vendor/laravel/framework/src/Illuminate/Pipeline/Pipeline.php(208): Illuminate\\Http\\Middleware\\HandleCors->handle(Object(Illuminate\\Http\\Request), Object(Closure))
#41 /Users/heakjunior/Desktop/RUPP Folder/RUPP YEAR3/WCT lab/laravelbyheak/vendor/laravel/framework/src/Illuminate/Http/Middleware/TrustProxies.php(58): Illuminate\\Pipeline\\Pipeline->{closure:{closure:Illuminate\\Pipeline\\Pipeline::carry():183}:184}(Object(Illuminate\\Http\\Request))
#42 /Users/heakjunior/Desktop/RUPP Folder/RUPP YEAR3/WCT lab/laravelbyheak/vendor/laravel/framework/src/Illuminate/Pipeline/Pipeline.php(208): Illuminate\\Http\\Middleware\\TrustProxies->handle(Object(Illuminate\\Http\\Request), Object(Closure))
#43 /Users/heakjunior/Desktop/RUPP Folder/RUPP YEAR3/WCT lab/laravelbyheak/vendor/laravel/framework/src/Illuminate/Foundation/Http/Middleware/InvokeDeferredCallbacks.php(22): Illuminate\\Pipeline\\Pipeline->{closure:{closure:Illuminate\\Pipeline\\Pipeline::carry():183}:184}(Object(Illuminate\\Http\\Request))
#44 /Users/heakjunior/Desktop/RUPP Folder/RUPP YEAR3/WCT lab/laravelbyheak/vendor/laravel/framework/src/Illuminate/Pipeline/Pipeline.php(208): Illuminate\\Foundation\\Http\\Middleware\\InvokeDeferredCallbacks->handle(Object(Illuminate\\Http\\Request), Object(Closure))
#45 /Users/heakjunior/Desktop/RUPP Folder/RUPP YEAR3/WCT lab/laravelbyheak/vendor/laravel/framework/src/Illuminate/Http/Middleware/ValidatePathEncoding.php(26): Illuminate\\Pipeline\\Pipeline->{closure:{closure:Illuminate\\Pipeline\\Pipeline::carry():183}:184}(Object(Illuminate\\Http\\Request))
#46 /Users/heakjunior/Desktop/RUPP Folder/RUPP YEAR3/WCT lab/laravelbyheak/vendor/laravel/framework/src/Illuminate/Pipeline/Pipeline.php(208): Illuminate\\Http\\Middleware\\ValidatePathEncoding->handle(Object(Illuminate\\Http\\Request), Object(Closure))
#47 /Users/heakjunior/Desktop/RUPP Folder/RUPP YEAR3/WCT lab/laravelbyheak/vendor/laravel/framework/src/Illuminate/Pipeline/Pipeline.php(126): Illuminate\\Pipeline\\Pipeline->{closure:{closure:Illuminate\\Pipeline\\Pipeline::carry():183}:184}(Object(Illuminate\\Http\\Request))
#48 /Users/heakjunior/Desktop/RUPP Folder/RUPP YEAR3/WCT lab/laravelbyheak/vendor/laravel/framework/src/Illuminate/Foundation/Http/Kernel.php(175): Illuminate\\Pipeline\\Pipeline->then(Object(Closure))
#49 /Users/heakjunior/Desktop/RUPP Folder/RUPP YEAR3/WCT lab/laravelbyheak/vendor/laravel/framework/src/Illuminate/Foundation/Http/Kernel.php(144): Illuminate\\Foundation\\Http\\Kernel->sendRequestThroughRouter(Object(Illuminate\\Http\\Request))
#50 /Users/heakjunior/Desktop/RUPP Folder/RUPP YEAR3/WCT lab/laravelbyheak/vendor/laravel/framework/src/Illuminate/Foundation/Application.php(1219): Illuminate\\Foundation\\Http\\Kernel->handle(Object(Illuminate\\Http\\Request))
#51 /Users/heakjunior/Desktop/RUPP Folder/RUPP YEAR3/WCT lab/laravelbyheak/public/index.php(20): Illuminate\\Foundation\\Application->handleRequest(Object(Illuminate\\Http\\Request))
#52 /Users/heakjunior/Desktop/RUPP Folder/RUPP YEAR3/WCT lab/laravelbyheak/vendor/laravel/framework/src/Illuminate/Foundation/resources/server.php(23): require_once('/Users/heakjuni...')
#53 {main}

[previous exception] [object] (Illuminate\\Database\\SQLiteDatabaseDoesNotExistException(code: 0): Database file at path [D:\\RUPP\\ITE Year 3\\Semester2\\WCT\\laravelbyheak\\database\\database.sqlite] does not exist. Ensure this is an absolute path to the database. at /Users/heakjunior/Desktop/RUPP Folder/RUPP YEAR3/WCT lab/laravelbyheak/vendor/laravel/framework/src/Illuminate/Database/Connectors/SQLiteConnector.php:59)
[stacktrace]
#0 /Users/heakjunior/Desktop/RUPP Folder/RUPP YEAR3/WCT lab/laravelbyheak/vendor/laravel/framework/src/Illuminate/Database/Connectors/SQLiteConnector.php(19): Illuminate\\Database\\Connectors\\SQLiteConnector->parseDatabasePath(false)
#1 /Users/heakjunior/Desktop/RUPP Folder/RUPP YEAR3/WCT lab/laravelbyheak/vendor/laravel/framework/src/Illuminate/Database/Connectors/ConnectionFactory.php(223): Illuminate\\Database\\Connectors\\SQLiteConnector->connect(Array)
#2 [internal function]: Illuminate\\Database\\Connectors\\ConnectionFactory->{closure:Illuminate\\Database\\Connectors\\ConnectionFactory::createPdoResolverWithoutHosts():223}()
#3 /Users/heakjunior/Desktop/RUPP Folder/RUPP YEAR3/WCT lab/laravelbyheak/vendor/laravel/framework/src/Illuminate/Database/Connection.php(1228): call_user_func(Object(Closure))
#4 /Users/heakjunior/Desktop/RUPP Folder/RUPP YEAR3/WCT lab/laravelbyheak/vendor/laravel/framework/src/Illuminate/Database/Connection.php(509): Illuminate\\Database\\Connection->getPdo()
#5 /Users/heakjunior/Desktop/RUPP Folder/RUPP YEAR3/WCT lab/laravelbyheak/vendor/laravel/framework/src/Illuminate/Database/Connection.php(404): Illuminate\\Database\\Connection->getPdoForSelect(false)
#6 /Users/heakjunior/Desktop/RUPP Folder/RUPP YEAR3/WCT lab/laravelbyheak/vendor/laravel/framework/src/Illuminate/Database/Connection.php(809): Illuminate\\Database\\Connection->{closure:Illuminate\\Database\\Connection::select():395}('select * from \"...', Array)
#7 /Users/heakjunior/Desktop/RUPP Folder/RUPP YEAR3/WCT lab/laravelbyheak/vendor/laravel/framework/src/Illuminate/Database/Connection.php(776): Illuminate\\Database\\Connection->runQueryCallback('select * from \"...', Array, Object(Closure))
#8 /Users/heakjunior/Desktop/RUPP Folder/RUPP YEAR3/WCT lab/laravelbyheak/vendor/laravel/framework/src/Illuminate/Database/Connection.php(395): Illuminate\\Database\\Connection->run('select * from \"...', Array, Object(Closure))
#9 /Users/heakjunior/Desktop/RUPP Folder/RUPP YEAR3/WCT lab/laravelbyheak/vendor/laravel/framework/src/Illuminate/Database/Query/Builder.php(3107): Illuminate\\Database\\Connection->select('select * from \"...', Array, false)
#10 /Users/heakjunior/Desktop/RUPP Folder/RUPP YEAR3/WCT lab/laravelbyheak/vendor/laravel/framework/src/Illuminate/Database/Query/Builder.php(3092): Illuminate\\Database\\Query\\Builder->runSelect()
#11 /Users/heakjunior/Desktop/RUPP Folder/RUPP YEAR3/WCT lab/laravelbyheak/vendor/laravel/framework/src/Illuminate/Database/Query/Builder.php(3679): Illuminate\\Database\\Query\\Builder->{closure:Illuminate\\Database\\Query\\Builder::get():3091}()
#12 /Users/heakjunior/Desktop/RUPP Folder/RUPP YEAR3/WCT lab/laravelbyheak/vendor/laravel/framework/src/Illuminate/Database/Query/Builder.php(3091): Illuminate\\Database\\Query\\Builder->onceWithColumns(Array, Object(Closure))
#13 /Users/heakjunior/Desktop/RUPP Folder/RUPP YEAR3/WCT lab/laravelbyheak/vendor/laravel/framework/src/Illuminate/Database/Concerns/BuildsQueries.php(366): Illuminate\\Database\\Query\\Builder->get(Array)
#14 /Users/heakjunior/Desktop/RUPP Folder/RUPP YEAR3/WCT lab/laravelbyheak/vendor/laravel/framework/src/Illuminate/Database/Query/Builder.php(3014): Illuminate\\Database\\Query\\Builder->first(Array)
#15 /Users/heakjunior/Desktop/RUPP Folder/RUPP YEAR3/WCT lab/laravelbyheak/vendor/laravel/framework/src/Illuminate/Session/DatabaseSessionHandler.php(96): Illuminate\\Database\\Query\\Builder->find('hTtVjBRaY4CQfx4...')
#16 /Users/heakjunior/Desktop/RUPP Folder/RUPP YEAR3/WCT lab/laravelbyheak/vendor/laravel/framework/src/Illuminate/Session/Store.php(116): Illuminate\\Session\\DatabaseSessionHandler->read('hTtVjBRaY4CQfx4...')
#17 /Users/heakjunior/Desktop/RUPP Folder/RUPP YEAR3/WCT lab/laravelbyheak/vendor/laravel/framework/src/Illuminate/Session/Store.php(104): Illuminate\\Session\\Store->readFromHandler()
#18 /Users/heakjunior/Desktop/RUPP Folder/RUPP YEAR3/WCT lab/laravelbyheak/vendor/laravel/framework/src/Illuminate/Session/Store.php(88): Illuminate\\Session\\Store->loadSession()
#19 /Users/heakjunior/Desktop/RUPP Folder/RUPP YEAR3/WCT lab/laravelbyheak/vendor/laravel/framework/src/Illuminate/Session/Middleware/StartSession.php(146): Illuminate\\Session\\Store->start()
#20 /Users/heakjunior/Desktop/RUPP Folder/RUPP YEAR3/WCT lab/laravelbyheak/vendor/laravel/framework/src/Illuminate/Support/helpers.php(399): Illuminate\\Session\\Middleware\\StartSession->{closure:Illuminate\\Session\\Middleware\\StartSession::startSession():143}(Object(Illuminate\\Session\\Store))
#21 /Users/heakjunior/Desktop/RUPP Folder/RUPP YEAR3/WCT lab/laravelbyheak/vendor/laravel/framework/src/Illuminate/Session/Middleware/StartSession.php(143): tap(Object(Illuminate\\Session\\Store), Object(Closure))
#22 /Users/heakjunior/Desktop/RUPP Folder/RUPP YEAR3/WCT lab/laravelbyheak/vendor/laravel/framework/src/Illuminate/Session/Middleware/StartSession.php(115): Illuminate\\Session\\Middleware\\StartSession->startSession(Object(Illuminate\\Http\\Request), Object(Illuminate\\Session\\Store))
#23 /Users/heakjunior/Desktop/RUPP Folder/RUPP YEAR3/WCT lab/laravelbyheak/vendor/laravel/framework/src/Illuminate/Session/Middleware/StartSession.php(63): Illuminate\\Session\\Middleware\\StartSession->handleStatefulRequest(Object(Illuminate\\Http\\Request), Object(Illuminate\\Session\\Store), Object(Closure))
#24 /Users/heakjunior/Desktop/RUPP Folder/RUPP YEAR3/WCT lab/laravelbyheak/vendor/laravel/framework/src/Illuminate/Pipeline/Pipeline.php(208): Illuminate\\Session\\Middleware\\StartSession->handle(Object(Illuminate\\Http\\Request), Object(Closure))
#25 /Users/heakjunior/Desktop/RUPP Folder/RUPP YEAR3/WCT lab/laravelbyheak/vendor/laravel/framework/src/Illuminate/Cookie/Middleware/AddQueuedCookiesToResponse.php(36): Illuminate\\Pipeline\\Pipeline->{closure:{closure:Illuminate\\Pipeline\\Pipeline::carry():183}:184}(Object(Illuminate\\Http\\Request))
#26 /Users/heakjunior/Desktop/RUPP Folder/RUPP YEAR3/WCT lab/laravelbyheak/vendor/laravel/framework/src/Illuminate/Pipeline/Pipeline.php(208): Illuminate\\Cookie\\Middleware\\AddQueuedCookiesToResponse->handle(Object(Illuminate\\Http\\Request), Object(Closure))
#27 /Users/heakjunior/Desktop/RUPP Folder/RUPP YEAR3/WCT lab/laravelbyheak/vendor/laravel/framework/src/Illuminate/Cookie/Middleware/EncryptCookies.php(74): Illuminate\\Pipeline\\Pipeline->{closure:{closure:Illuminate\\Pipeline\\Pipeline::carry():183}:184}(Object(Illuminate\\Http\\Request))
#28 /Users/heakjunior/Desktop/RUPP Folder/RUPP YEAR3/WCT lab/laravelbyheak/vendor/laravel/framework/src/Illuminate/Pipeline/Pipeline.php(208): Illuminate\\Cookie\\Middleware\\EncryptCookies->handle(Object(Illuminate\\Http\\Request), Object(Closure))
#29 /Users/heakjunior/Desktop/RUPP Folder/RUPP YEAR3/WCT lab/laravelbyheak/vendor/laravel/framework/src/Illuminate/Pipeline/Pipeline.php(126): Illuminate\\Pipeline\\Pipeline->{closure:{closure:Illuminate\\Pipeline\\Pipeline::carry():183}:184}(Object(Illuminate\\Http\\Request))
#30 /Users/heakjunior/Desktop/RUPP Folder/RUPP YEAR3/WCT lab/laravelbyheak/vendor/laravel/framework/src/Illuminate/Routing/Router.php(807): Illuminate\\Pipeline\\Pipeline->then(Object(Closure))
#31 /Users/heakjunior/Desktop/RUPP Folder/RUPP YEAR3/WCT lab/laravelbyheak/vendor/laravel/framework/src/Illuminate/Routing/Router.php(786): Illuminate\\Routing\\Router->runRouteWithinStack(Object(Illuminate\\Routing\\Route), Object(Illuminate\\Http\\Request))
#32 /Users/heakjunior/Desktop/RUPP Folder/RUPP YEAR3/WCT lab/laravelbyheak/vendor/laravel/framework/src/Illuminate/Routing/Router.php(750): Illuminate\\Routing\\Router->runRoute(Object(Illuminate\\Http\\Request), Object(Illuminate\\Routing\\Route))
#33 /Users/heakjunior/Desktop/RUPP Folder/RUPP YEAR3/WCT lab/laravelbyheak/vendor/laravel/framework/src/Illuminate/Routing/Router.php(739): Illuminate\\Routing\\Router->dispatchToRoute(Object(Illuminate\\Http\\Request))
#34 /Users/heakjunior/Desktop/RUPP Folder/RUPP YEAR3/WCT lab/laravelbyheak/vendor/laravel/framework/src/Illuminate/Foundation/Http/Kernel.php(200): Illuminate\\Routing\\Router->dispatch(Object(Illuminate\\Http\\Request))
#35 /Users/heakjunior/Desktop/RUPP Folder/RUPP YEAR3/WCT lab/laravelbyheak/vendor/laravel/framework/src/Illuminate/Pipeline/Pipeline.php(169): Illuminate\\Foundation\\Http\\Kernel->{closure:Illuminate\\Foundation\\Http\\Kernel::dispatchToRouter():197}(Object(Illuminate\\Http\\Request))
#36 /Users/heakjunior/Desktop/RUPP Folder/RUPP YEAR3/WCT lab/laravelbyheak/vendor/laravel/framework/src/Illuminate/Foundation/Http/Middleware/TransformsRequest.php(21): Illuminate\\Pipeline\\Pipeline->{closure:Illuminate\\Pipeline\\Pipeline::prepareDestination():167}(Object(Illuminate\\Http\\Request))
#37 /Users/heakjunior/Desktop/RUPP Folder/RUPP YEAR3/WCT lab/laravelbyheak/vendor/laravel/framework/src/Illuminate/Foundation/Http/Middleware/ConvertEmptyStringsToNull.php(31): Illuminate\\Foundation\\Http\\Middleware\\TransformsRequest->handle(Object(Illuminate\\Http\\Request), Object(Closure))
#38 /Users/heakjunior/Desktop/RUPP Folder/RUPP YEAR3/WCT lab/laravelbyheak/vendor/laravel/framework/src/Illuminate/Pipeline/Pipeline.php(208): Illuminate\\Foundation\\Http\\Middleware\\ConvertEmptyStringsToNull->handle(Object(Illuminate\\Http\\Request), Object(Closure))
#39 /Users/heakjunior/Desktop/RUPP Folder/RUPP YEAR3/WCT lab/laravelbyheak/vendor/laravel/framework/src/Illuminate/Foundation/Http/Middleware/TransformsRequest.php(21): Illuminate\\Pipeline\\Pipeline->{closure:{closure:Illuminate\\Pipeline\\Pipeline::carry():183}:184}(Object(Illuminate\\Http\\Request))
#40 /Users/heakjunior/Desktop/RUPP Folder/RUPP YEAR3/WCT lab/laravelbyheak/vendor/laravel/framework/src/Illuminate/Foundation/Http/Middleware/TrimStrings.php(51): Illuminate\\Foundation\\Http\\Middleware\\TransformsRequest->handle(Object(Illuminate\\Http\\Request), Object(Closure))
#41 /Users/heakjunior/Desktop/RUPP Folder/RUPP YEAR3/WCT lab/laravelbyheak/vendor/laravel/framework/src/Illuminate/Pipeline/Pipeline.php(208): Illuminate\\Foundation\\Http\\Middleware\\TrimStrings->handle(Object(Illuminate\\Http\\Request), Object(Closure))
#42 /Users/heakjunior/Desktop/RUPP Folder/RUPP YEAR3/WCT lab/laravelbyheak/vendor/laravel/framework/src/Illuminate/Http/Middleware/ValidatePostSize.php(27): Illuminate\\Pipeline\\Pipeline->{closure:{closure:Illuminate\\Pipeline\\Pipeline::carry():183}:184}(Object(Illuminate\\Http\\Request))
#43 /Users/heakjunior/Desktop/RUPP Folder/RUPP YEAR3/WCT lab/laravelbyheak/vendor/laravel/framework/src/Illuminate/Pipeline/Pipeline.php(208): Illuminate\\Http\\Middleware\\ValidatePostSize->handle(Object(Illuminate\\Http\\Request), Object(Closure))
#44 /Users/heakjunior/Desktop/RUPP Folder/RUPP YEAR3/WCT lab/laravelbyheak/vendor/laravel/framework/src/Illuminate/Foundation/Http/Middleware/PreventRequestsDuringMaintenance.php(109): Illuminate\\Pipeline\\Pipeline->{closure:{closure:Illuminate\\Pipeline\\Pipeline::carry():183}:184}(Object(Illuminate\\Http\\Request))
#45 /Users/heakjunior/Desktop/RUPP Folder/RUPP YEAR3/WCT lab/laravelbyheak/vendor/laravel/framework/src/Illuminate/Pipeline/Pipeline.php(208): Illuminate\\Foundation\\Http\\Middleware\\PreventRequestsDuringMaintenance->handle(Object(Illuminate\\Http\\Request), Object(Closure))
#46 /Users/heakjunior/Desktop/RUPP Folder/RUPP YEAR3/WCT lab/laravelbyheak/vendor/laravel/framework/src/Illuminate/Http/Middleware/HandleCors.php(48): Illuminate\\Pipeline\\Pipeline->{closure:{closure:Illuminate\\Pipeline\\Pipeline::carry():183}:184}(Object(Illuminate\\Http\\Request))
#47 /Users/heakjunior/Desktop/RUPP Folder/RUPP YEAR3/WCT lab/laravelbyheak/vendor/laravel/framework/src/Illuminate/Pipeline/Pipeline.php(208): Illuminate\\Http\\Middleware\\HandleCors->handle(Object(Illuminate\\Http\\Request), Object(Closure))
#48 /Users/heakjunior/Desktop/RUPP Folder/RUPP YEAR3/WCT lab/laravelbyheak/vendor/laravel/framework/src/Illuminate/Http/Middleware/TrustProxies.php(58): Illuminate\\Pipeline\\Pipeline->{closure:{closure:Illuminate\\Pipeline\\Pipeline::carry():183}:184}(Object(Illuminate\\Http\\Request))
#49 /Users/heakjunior/Desktop/RUPP Folder/RUPP YEAR3/WCT lab/laravelbyheak/vendor/laravel/framework/src/Illuminate/Pipeline/Pipeline.php(208): Illuminate\\Http\\Middleware\\TrustProxies->handle(Object(Illuminate\\Http\\Request), Object(Closure))
#50 /Users/heakjunior/Desktop/RUPP Folder/RUPP YEAR3/WCT lab/laravelbyheak/vendor/laravel/framework/src/Illuminate/Foundation/Http/Middleware/InvokeDeferredCallbacks.php(22): Illuminate\\Pipeline\\Pipeline->{closure:{closure:Illuminate\\Pipeline\\Pipeline::carry():183}:184}(Object(Illuminate\\Http\\Request))
#51 /Users/heakjunior/Desktop/RUPP Folder/RUPP YEAR3/WCT lab/laravelbyheak/vendor/laravel/framework/src/Illuminate/Pipeline/Pipeline.php(208): Illuminate\\Foundation\\Http\\Middleware\\InvokeDeferredCallbacks->handle(Object(Illuminate\\Http\\Request), Object(Closure))
#52 /Users/heakjunior/Desktop/RUPP Folder/RUPP YEAR3/WCT lab/laravelbyheak/vendor/laravel/framework/src/Illuminate/Http/Middleware/ValidatePathEncoding.php(26): Illuminate\\Pipeline\\Pipeline->{closure:{closure:Illuminate\\Pipeline\\Pipeline::carry():183}:184}(Object(Illuminate\\Http\\Request))
#53 /Users/heakjunior/Desktop/RUPP Folder/RUPP YEAR3/WCT lab/laravelbyheak/vendor/laravel/framework/src/Illuminate/Pipeline/Pipeline.php(208): Illuminate\\Http\\Middleware\\ValidatePathEncoding->handle(Object(Illuminate\\Http\\Request), Object(Closure))
#54 /Users/heakjunior/Desktop/RUPP Folder/RUPP YEAR3/WCT lab/laravelbyheak/vendor/laravel/framework/src/Illuminate/Pipeline/Pipeline.php(126): Illuminate\\Pipeline\\Pipeline->{closure:{closure:Illuminate\\Pipeline\\Pipeline::carry():183}:184}(Object(Illuminate\\Http\\Request))
#55 /Users/heakjunior/Desktop/RUPP Folder/RUPP YEAR3/WCT lab/laravelbyheak/vendor/laravel/framework/src/Illuminate/Foundation/Http/Kernel.php(175): Illuminate\\Pipeline\\Pipeline->then(Object(Closure))
#56 /Users/heakjunior/Desktop/RUPP Folder/RUPP YEAR3/WCT lab/laravelbyheak/vendor/laravel/framework/src/Illuminate/Foundation/Http/Kernel.php(144): Illuminate\\Foundation\\Http\\Kernel->sendRequestThroughRouter(Object(Illuminate\\Http\\Request))
#57 /Users/heakjunior/Desktop/RUPP Folder/RUPP YEAR3/WCT lab/laravelbyheak/vendor/laravel/framework/src/Illuminate/Foundation/Application.php(1219): Illuminate\\Foundation\\Http\\Kernel->handle(Object(Illuminate\\Http\\Request))
#58 /Users/heakjunior/Desktop/RUPP Folder/RUPP YEAR3/WCT lab/laravelbyheak/public/index.php(20): Illuminate\\Foundation\\Application->handleRequest(Object(Illuminate\\Http\\Request))
#59 /Users/heakjunior/Desktop/RUPP Folder/RUPP YEAR3/WCT lab/laravelbyheak/vendor/laravel/framework/src/Illuminate/Foundation/resources/server.php(23): require_once('/Users/heakjuni...')
#60 {main}
"} 
